<?xml version="1.0" encoding="UTF-8"?>
<!-- Generated by org.testng.reporters.JUnitReportReporter -->
<testsuite hostname="Shubham" failures="0" tests="8" name="com.test.web.sample.TestUSer3" time="125.866" errors="0" timestamp="2025-04-24T10:40:19 IST" skipped="0">
  <testcase classname="com.test.web.sample.TestUSer3" name="runTest" time="17.108"/>
  <testcase classname="com.test.web.sample.TestUSer3" name="runTest" time="14.964"/>
  <testcase classname="com.test.web.sample.TestUSer3" name="runTest" time="23.483"/>
  <testcase classname="com.test.web.sample.TestUSer3" name="runTest" time="9.717"/>
  <testcase classname="com.test.web.sample.TestUSer3" name="runTest" time="9.692"/>
  <testcase classname="com.test.web.sample.TestUSer3" name="runTest" time="21.697"/>
  <testcase classname="com.test.web.sample.TestUSer3" name="runTest" time="19.605"/>
  <testcase classname="com.test.web.sample.TestUSer3" name="runTest" time="9.600"/>
</testsuite> <!-- com.test.web.sample.TestUSer3 -->
