<?xml version="1.0" encoding="UTF-8"?>
<!-- Generated by org.testng.reporters.JUnitReportReporter -->
<testsuite hostname="Shubham" failures="0" tests="5" name="com.test.web.sample.TestUSer3" time="0.100" errors="0" timestamp="2025-04-18T17:03:48 IST" skipped="0">
  <testcase classname="com.test.web.sample.TestUSer3" name="runTest" time="0.017"/>
  <testcase classname="com.test.web.sample.TestUSer3" name="runTest" time="0.010"/>
  <testcase classname="com.test.web.sample.TestUSer3" name="runTest" time="0.030"/>
  <testcase classname="com.test.web.sample.TestUSer3" name="runTest" time="0.025"/>
  <testcase classname="com.test.web.sample.TestUSer3" name="runTest" time="0.018"/>
</testsuite> <!-- com.test.web.sample.TestUSer3 -->
