<?xml version="1.0" encoding="UTF-8"?>
<!-- Generated by org.testng.reporters.JUnitReportReporter -->
<testsuite hostname="Shubham" failures="0" tests="5" name="com.test.web.sample.SampleTest" time="0.053" errors="0" timestamp="2025-04-13T12:04:21 IST" skipped="0">
  <testcase classname="com.test.web.sample.SampleTest" name="runTest" time="0.007"/>
  <testcase classname="com.test.web.sample.SampleTest" name="runTest" time="0.013"/>
  <testcase classname="com.test.web.sample.SampleTest" name="runTest" time="0.014"/>
  <testcase classname="com.test.web.sample.SampleTest" name="runTest" time="0.009"/>
  <testcase classname="com.test.web.sample.SampleTest" name="runTest" time="0.010"/>
</testsuite> <!-- com.test.web.sample.SampleTest -->
