<?xml version="1.0" encoding="UTF-8"?>
<!-- Generated by org.testng.reporters.JUnitReportReporter -->
<testsuite hostname="Shubham" failures="0" tests="5" name="com.test.web.sample.TestUSer3" time="0.043" errors="0" timestamp="2025-04-20T12:29:59 IST" skipped="0">
  <testcase classname="com.test.web.sample.TestUSer3" name="runTest" time="0.006"/>
  <testcase classname="com.test.web.sample.TestUSer3" name="runTest" time="0.001"/>
  <testcase classname="com.test.web.sample.TestUSer3" name="runTest" time="0.002"/>
  <testcase classname="com.test.web.sample.TestUSer3" name="runTest" time="0.031"/>
  <testcase classname="com.test.web.sample.TestUSer3" name="runTest" time="0.003"/>
</testsuite> <!-- com.test.web.sample.TestUSer3 -->
